0 info it worked if it ends with ok
1 verbose cli [ '/usr/bin/node', '/usr/bin/npm', 'i', 'isOnline' ]
2 info using npm@6.9.0
3 info using node@v9.11.2
4 verbose npm-session f0950c7558a0764b
5 silly install loadCurrentTree
6 silly install readLocalPackageData
7 http fetch GET 404 https://registry.npmjs.org/isOnline 708ms
8 http fetch GET 404 https://registry.npmjs.org/isOnline 218ms
9 silly fetchPackageMetaData error for isOnline@latest 404 Not Found - GET https://registry.npmjs.org/isOnline - Not found
10 timing stage:rollbackFailedOptional Completed in 3ms
11 timing stage:runTopLevelLifecycles Completed in 1302ms
12 verbose stack Error: 404 Not Found - GET https://registry.npmjs.org/isOnline - Not found
12 verbose stack     at res.buffer.catch.then.body (/usr/lib/node_modules/npm/node_modules/npm-registry-fetch/check-response.js:104:15)
12 verbose stack     at <anonymous>
12 verbose stack     at process._tickCallback (internal/process/next_tick.js:182:7)
13 verbose statusCode 404
14 verbose pkgid isOnline@latest
15 verbose cwd /home/pi/Desktop/.imessedup/fresh
16 verbose Linux 4.14.50-v7+
17 verbose argv "/usr/bin/node" "/usr/bin/npm" "i" "isOnline"
18 verbose node v9.11.2
19 verbose npm  v6.9.0
20 error code E404
21 error 404 Not Found - GET https://registry.npmjs.org/isOnline - Not found
22 error 404
23 error 404 'isOnline@latest' is not in the npm registry.
24 error 404 Your package name is not valid, because
25 error 404 1. name can no longer contain capital letters
26 error 404 Note that you can also install from a
27 error 404 tarball, folder, http url, or git url.
28 verbose exit [ 1, true ]
