0 info it worked if it ends with ok
1 verbose cli [ '/usr/bin/node', '/usr/bin/npm', 'start' ]
2 info using npm@5.6.0
3 info using node@v9.11.2
4 verbose run-script [ 'prestart', 'start', 'poststart' ]
5 info lifecycle magicmirror@2.5.0~prestart: magicmirror@2.5.0
6 info lifecycle magicmirror@2.5.0~start: magicmirror@2.5.0
7 verbose lifecycle magicmirror@2.5.0~start: unsafe-perm in lifecycle true
8 verbose lifecycle magicmirror@2.5.0~start: PATH: /usr/lib/node_modules/npm/node_modules/npm-lifecycle/node-gyp-bin:/home/pi/Desktop/Magic/node_modules/.bin:/usr/local/sbin:/usr/local/bin:/usr/sbin:/usr/bin:/sbin:/bin:/usr/local/games:/usr/games
9 verbose lifecycle magicmirror@2.5.0~start: CWD: /home/pi/Desktop/Magic
10 silly lifecycle magicmirror@2.5.0~start: Args: [ '-c', 'sh run-start.sh' ]
11 silly lifecycle magicmirror@2.5.0~start: Returned: code: 126  signal: null
12 info lifecycle magicmirror@2.5.0~start: Failed to exec start script
13 verbose stack Error: magicmirror@2.5.0 start: `sh run-start.sh`
13 verbose stack Exit status 126
13 verbose stack     at EventEmitter.<anonymous> (/usr/lib/node_modules/npm/node_modules/npm-lifecycle/index.js:285:16)
13 verbose stack     at EventEmitter.emit (events.js:180:13)
13 verbose stack     at ChildProcess.<anonymous> (/usr/lib/node_modules/npm/node_modules/npm-lifecycle/lib/spawn.js:55:14)
13 verbose stack     at ChildProcess.emit (events.js:180:13)
13 verbose stack     at maybeClose (internal/child_process.js:936:16)
13 verbose stack     at Process.ChildProcess._handle.onexit (internal/child_process.js:220:5)
14 verbose pkgid magicmirror@2.5.0
15 verbose cwd /home/pi/Desktop/Magic
16 verbose Linux 4.14.50-v7+
17 verbose argv "/usr/bin/node" "/usr/bin/npm" "start"
18 verbose node v9.11.2
19 verbose npm  v5.6.0
20 error code ELIFECYCLE
21 error errno 126
22 error magicmirror@2.5.0 start: `sh run-start.sh`
22 error Exit status 126
23 error Failed at the magicmirror@2.5.0 start script.
23 error This is probably not a problem with npm. There is likely additional logging output above.
24 verbose exit [ 126, true ]
